<?xml version="1.0" encoding="UTF-8"?>
<!-- Generated by org.testng.reporters.JUnitReportReporter -->
<testsuite hostname="Ravi-Ranjan-PC" failures="0" tests="1" name="testCases.TC001_Login" time="7.219" errors="0" timestamp="2025-02-10T07:35:36 IST" skipped="0">
  <testcase classname="testCases.TC001_Login" name="AccountLogin" time="7.219"/>
</testsuite> <!-- testCases.TC001_Login -->
